<?xml version="1.0" encoding="UTF-8"?>
<robot generator="Robot 7.4.2 (Python 3.14.6 on win32)" generated="2026-07-30T18:30:21.540548" rpa="false" schemaversion="5">
<suite id="s1" name="Saucedemo" source="D:\My_Data\Internships\DafiLabs\session-3-assignment\robot-framework\saucedemo.robot">
<test id="s1-t1" name="Valid Login Navigates To Inventory" line="11">
<kw name="Open Browser" owner="SeleniumLibrary">
<msg time="2026-07-30T18:30:22.202391" level="INFO">Opening browser 'Chrome' to base url 'https://www.saucedemo.com/'.</msg>
<arg>${URL}</arg>
<arg>${BROWSER}</arg>
<doc>Opens a new browser instance to the optional ``url``.</doc>
<status status="PASS" start="2026-07-30T18:30:22.198845" elapsed="29.576491"/>
</kw>
<kw name="Maximize Browser Window" owner="SeleniumLibrary">
<doc>Maximizes current browser window.</doc>
<status status="PASS" start="2026-07-30T18:30:51.776318" elapsed="0.041472"/>
</kw>
<kw name="Input Text" owner="SeleniumLibrary">
<msg time="2026-07-30T18:30:51.823432" level="INFO">Typing text 'standard_user' into text field 'id:user-name'.</msg>
<arg>id:user-name</arg>
<arg>${USERNAME}</arg>
<doc>Types the given ``text`` into the text field identified by ``locator``.</doc>
<status status="PASS" start="2026-07-30T18:30:51.818688" elapsed="0.303077"/>
</kw>
<kw name="Input Text" owner="SeleniumLibrary">
<msg time="2026-07-30T18:30:52.122647" level="INFO">Typing text 'secret_sauce' into text field 'id:password'.</msg>
<arg>id:password</arg>
<arg>${PASSWORD}</arg>
<doc>Types the given ``text`` into the text field identified by ``locator``.</doc>
<status status="PASS" start="2026-07-30T18:30:52.122153" elapsed="0.090978"/>
</kw>
<kw name="Click Button" owner="SeleniumLibrary">
<msg time="2026-07-30T18:30:52.214122" level="INFO">Clicking button 'id:login-button'.</msg>
<arg>id:login-button</arg>
<doc>Clicks the button identified by ``locator``.</doc>
<status status="PASS" start="2026-07-30T18:30:52.213789" elapsed="0.149685"/>
</kw>
<kw name="Wait Until Page Contains" owner="SeleniumLibrary">
<arg>Products</arg>
<doc>Waits until ``text`` appears on the current page.</doc>
<status status="PASS" start="2026-07-30T18:30:52.363887" elapsed="0.011491"/>
</kw>
<kw name="Page Should Contain" owner="SeleniumLibrary">
<msg time="2026-07-30T18:30:52.387155" level="INFO">Current page contains text 'Products'.</msg>
<arg>Products</arg>
<doc>Verifies that current page contains ``text``.</doc>
<status status="PASS" start="2026-07-30T18:30:52.375726" elapsed="0.011533"/>
</kw>
<kw name="Capture Page Screenshot" owner="SeleniumLibrary">
<msg time="2026-07-30T18:30:52.662461" level="INFO" html="true">&lt;/td&gt;&lt;/tr&gt;&lt;tr&gt;&lt;td colspan="3"&gt;&lt;a href="robot_login_success.png"&gt;&lt;img src="robot_login_success.png" width="800px"&gt;&lt;/a&gt;</msg>
<arg>robot_login_success.png</arg>
<doc>Takes a screenshot of the current page and embeds it into a log file.</doc>
<status status="PASS" start="2026-07-30T18:30:52.387585" elapsed="0.275082"/>
</kw>
<kw name="Close Browser" owner="SeleniumLibrary" type="TEARDOWN">
<doc>Closes the current browser.</doc>
<status status="PASS" start="2026-07-30T18:30:52.663272" elapsed="2.244410"/>
</kw>
<status status="PASS" start="2026-07-30T18:30:22.197662" elapsed="32.711483"/>
</test>
<status status="PASS" start="2026-07-30T18:30:21.542519" elapsed="33.370326"/>
</suite>
<statistics>
<total>
<stat pass="1" fail="0" skip="0">All Tests</stat>
</total>
<tag>
</tag>
<suite>
<stat name="Saucedemo" id="s1" pass="1" fail="0" skip="0">Saucedemo</stat>
</suite>
</statistics>
<errors>
</errors>
</robot>
